<?xml version="1.0" encoding="UTF-8"?>
<!-- Generated by org.testng.reporters.JUnitXMLReporter -->
<testsuite ignored="0" hostname="DESKTOP-PHLKVQ5" failures="1" tests="3" name="Surefire test" time="15.21" errors="0" timestamp="2023-06-12T12:06:23 IST">
  <testcase classname="reports.Tests" name="logoPresence" time="0.315"/>
  <testcase classname="reports.Tests" name="loginTest" time="2.736">
    <failure type="java.lang.AssertionError" message="expected [nopCommerce demo store Login] but found [nopCommerce demo store. Login]">
      <![CDATA[java.lang.AssertionError: expected [nopCommerce demo store Login] but found [nopCommerce demo store. Login]
at reports.Tests.loginTest(Tests.java:63)
at java.base/java.util.ArrayList.forEach(ArrayList.java:1511)
... Removed 37 stack frames]]>
    </failure>
  </testcase> <!-- loginTest -->
  <testcase classname="reports.Tests" name="registrationTest" time="0.006">
    <skipped/>
  </testcase> <!-- registrationTest -->
</testsuite> <!-- Surefire test -->
