-------------------------------------------------------------------------------
Test set: TestSuite
-------------------------------------------------------------------------------
Tests run: 5, Failures: 1, Errors: 0, Skipped: 4, Time elapsed: 114.153 s <<< FAILURE! - in TestSuite
setup(reports.Tests)  Time elapsed: 113.644 s  <<< FAILURE!
java.lang.NullPointerException: Cannot invoke "org.openqa.selenium.WebDriver.get(String)" because "this.driver" is null
	at reports.Tests.setup(Tests.java:32)

